==31115== Memcheck, a memory error detector
==31115== Copyright (C) 2002-2017, and GNU GPL'd, by Julian Seward et al.
==31115== Using Valgrind-3.13.0 and LibVEX; rerun with -h for copyright info
==31115== Command: /rhome/t/thorozovic1/workspace/OR/Z2/Z1/.runme
==31115== Parent PID: 31111
==31115== 
==31115== 
==31115== Process terminating with default action of signal 15 (SIGTERM)
==31115==    at 0x514E081: read (read.c:27)
==31115==    by 0x50CB147: _IO_file_underflow@@GLIBC_2.2.5 (fileops.c:531)
==31115==    by 0x50CC3F1: _IO_default_uflow (genops.c:380)
==31115==    by 0x50A9BE9: _IO_vfscanf (vfscanf.c:630)
==31115==    by 0x50B9FD7: __isoc99_scanf (isoc99_scanf.c:37)
==31115==    by 0x108800: main (main.c:16)
==31115== 
==31115== HEAP SUMMARY:
==31115==     in use at exit: 0 bytes in 0 blocks
==31115==   total heap usage: 1 allocs, 1 frees, 1,024 bytes allocated
==31115== 
==31115== All heap blocks were freed -- no leaks are possible
==31115== 
==31115== For counts of detected and suppressed errors, rerun with: -v
==31115== ERROR SUMMARY: 0 errors from 0 contexts (suppressed: 0 from 0)
