==13693== Memcheck, a memory error detector
==13693== Copyright (C) 2002-2017, and GNU GPL'd, by Julian Seward et al.
==13693== Using Valgrind-3.13.0 and LibVEX; rerun with -h for copyright info
==13693== Command: /rhome/t/thorozovic1/workspace/OR/Z3/Z3/.runme
==13693== Parent PID: 13678
==13693== 
==13693== 
==13693== Process terminating with default action of signal 15 (SIGTERM)
==13693==    at 0x514E081: read (read.c:27)
==13693==    by 0x50CB147: _IO_file_underflow@@GLIBC_2.2.5 (fileops.c:531)
==13693==    by 0x50CC3F1: _IO_default_uflow (genops.c:380)
==13693==    by 0x50A9BE9: _IO_vfscanf (vfscanf.c:630)
==13693==    by 0x50B9FD7: __isoc99_scanf (isoc99_scanf.c:37)
==13693==    by 0x108856: main (main.c:39)
==13693== 
==13693== HEAP SUMMARY:
==13693==     in use at exit: 0 bytes in 0 blocks
==13693==   total heap usage: 1 allocs, 1 frees, 1,024 bytes allocated
==13693== 
==13693== All heap blocks were freed -- no leaks are possible
==13693== 
==13693== For counts of detected and suppressed errors, rerun with: -v
==13693== ERROR SUMMARY: 0 errors from 0 contexts (suppressed: 0 from 0)
